c:\users\eric\desktop\stencildemo\chapter 11 stenciling\stencildemo\x64\debug\vc143.pdb
c:\users\eric\desktop\stencildemo\chapter 11 stenciling\stencildemo\x64\debug\vc143.idb
c:\users\eric\desktop\stencildemo\chapter 11 stenciling\stencildemo\x64\debug\stencilapp.obj
c:\users\eric\desktop\stencildemo\chapter 11 stenciling\stencildemo\x64\debug\mathhelper.obj
c:\users\eric\desktop\stencildemo\chapter 11 stenciling\stencildemo\x64\debug\geometrygenerator.obj
c:\users\eric\desktop\stencildemo\chapter 11 stenciling\stencildemo\x64\debug\gametimer.obj
c:\users\eric\desktop\stencildemo\chapter 11 stenciling\stencildemo\x64\debug\frameresource.obj
c:\users\eric\desktop\stencildemo\chapter 11 stenciling\stencildemo\x64\debug\ddstextureloader.obj
c:\users\eric\desktop\stencildemo\chapter 11 stenciling\stencildemo\x64\debug\d3dutil.obj
c:\users\eric\desktop\stencildemo\chapter 11 stenciling\stencildemo\x64\debug\d3dapp.obj
c:\users\eric\desktop\stencildemo\chapter 11 stenciling\stencildemo\x64\debug\camera.obj
c:\users\eric\desktop\stencildemo\chapter 11 stenciling\stencildemo\x64\debug\stencildemo.exe
c:\users\eric\desktop\stencildemo\chapter 11 stenciling\stencildemo\x64\debug\stencildemo.ilk
c:\users\eric\desktop\stencildemo\chapter 11 stenciling\stencildemo\x64\debug\stencildemo.pdb
c:\users\eric\desktop\stencildemo\chapter 11 stenciling\stencildemo\x64\debug\stencildemo.tlog\cl.command.1.tlog
c:\users\eric\desktop\stencildemo\chapter 11 stenciling\stencildemo\x64\debug\stencildemo.tlog\cl.items.tlog
c:\users\eric\desktop\stencildemo\chapter 11 stenciling\stencildemo\x64\debug\stencildemo.tlog\cl.read.1.tlog
c:\users\eric\desktop\stencildemo\chapter 11 stenciling\stencildemo\x64\debug\stencildemo.tlog\cl.write.1.tlog
c:\users\eric\desktop\stencildemo\chapter 11 stenciling\stencildemo\x64\debug\stencildemo.tlog\link.command.1.tlog
c:\users\eric\desktop\stencildemo\chapter 11 stenciling\stencildemo\x64\debug\stencildemo.tlog\link.read.1.tlog
c:\users\eric\desktop\stencildemo\chapter 11 stenciling\stencildemo\x64\debug\stencildemo.tlog\link.write.1.tlog
